<?xml version="1.0" encoding="UTF-8"?>
<!-- Generated by org.testng.reporters.JUnitXMLReporter -->
<testsuite ignored="0" hostname="igate-pc" failures="1" tests="3" name="Test" time="0.059" errors="0" timestamp="2024-04-01T15:54:31 IST">
  <testcase classname="com.igate.TestCase1" name="login" time="0.006"/>
  <testcase classname="com.igate.TestCase1" name="indashboard" time="0.002">
    <failure type="java.lang.AssertionError">
      <![CDATA[java.lang.AssertionError: 
at com.igate.TestCase1.indashboard(TestCase1.java:28)
at java.base/java.util.ArrayList.forEach(ArrayList.java:1511)
... Removed 30 stack frames]]>
    </failure>
  </testcase> <!-- indashboard -->
  <testcase classname="com.igate.TestCase1" name="logout" time="0.0">
    <skipped/>
  </testcase> <!-- logout -->
</testsuite> <!-- Test -->
