<?xml version="1.0" encoding="UTF-8"?>
<testng-results ignored="0" total="2" passed="2" failed="0" skipped="0">
  <reporter-output>
  </reporter-output>
  <suite started-at="2024-03-30T15:58:45 IST" name="Suite" finished-at="2024-03-30T15:59:04 IST" duration-ms="19384">
    <groups>
    </groups>
    <test started-at="2024-03-30T15:58:45 IST" name="Test2" finished-at="2024-03-30T15:59:03 IST" duration-ms="18002">
      <class name="paraller.TestCase1">
        <test-method is-config="true" signature="loadPage(java.lang.String)[pri:0, instance:paraller.TestCase1@1b11171f]" started-at="2024-03-30T15:58:45 IST" name="loadPage" finished-at="2024-03-30T15:59:01 IST" duration-ms="16614" status="PASS">
          <params>
            <param index="0">
              <value>
                <![CDATA[edge]]>
              </value>
            </param>
          </params>
          <reporter-output>
          </reporter-output>
        </test-method> <!-- loadPage -->
        <test-method signature="loginTest()[pri:0, instance:paraller.TestCase1@1b11171f]" started-at="2024-03-30T15:59:01 IST" name="loginTest" finished-at="2024-03-30T15:59:03 IST" duration-ms="1350" status="PASS">
          <reporter-output>
          </reporter-output>
        </test-method> <!-- loginTest -->
        <test-method is-config="true" signature="close()[pri:0, instance:paraller.TestCase1@1b11171f]" started-at="2024-03-30T15:59:03 IST" name="close" finished-at="2024-03-30T15:59:03 IST" duration-ms="0" status="PASS">
          <reporter-output>
          </reporter-output>
        </test-method> <!-- close -->
      </class> <!-- paraller.TestCase1 -->
    </test> <!-- Test2 -->
    <test started-at="2024-03-30T15:58:45 IST" name="Test1" finished-at="2024-03-30T15:59:04 IST" duration-ms="19384">
      <class name="paraller.TestCase1">
        <test-method is-config="true" signature="loadPage(java.lang.String)[pri:0, instance:paraller.TestCase1@e15b7e8]" started-at="2024-03-30T15:58:45 IST" name="loadPage" finished-at="2024-03-30T15:59:03 IST" duration-ms="17980" status="PASS">
          <params>
            <param index="0">
              <value>
                <![CDATA[chrome]]>
              </value>
            </param>
          </params>
          <reporter-output>
          </reporter-output>
        </test-method> <!-- loadPage -->
        <test-method signature="loginTest()[pri:0, instance:paraller.TestCase1@e15b7e8]" started-at="2024-03-30T15:59:03 IST" name="loginTest" finished-at="2024-03-30T15:59:04 IST" duration-ms="1384" status="PASS">
          <reporter-output>
          </reporter-output>
        </test-method> <!-- loginTest -->
        <test-method is-config="true" signature="close()[pri:0, instance:paraller.TestCase1@e15b7e8]" started-at="2024-03-30T15:59:04 IST" name="close" finished-at="2024-03-30T15:59:04 IST" duration-ms="0" status="PASS">
          <reporter-output>
          </reporter-output>
        </test-method> <!-- close -->
      </class> <!-- paraller.TestCase1 -->
    </test> <!-- Test1 -->
  </suite> <!-- Suite -->
</testng-results>
