<?xml version="1.0" encoding="UTF-8"?>
<!-- Generated by org.testng.reporters.JUnitXMLReporter -->
<testsuite ignored="0" hostname="igate-pc" failures="0" tests="4" name="Test(failed)(failed)" time="6.003" errors="0" timestamp="2024-04-25T16:31:00 IST">
  <testcase classname="testcases.TC_02_Login" name="login" time="0.6"/>
  <testcase classname="testcases.TC_02_Login" name="login_data_entry" time="0.733"/>
  <testcase classname="testcases.TC_02_Login" name="loggingout" time="1.111"/>
  <testcase classname="testcases.TC_02_Login" name="logoutToHome" time="0.011"/>
</testsuite> <!-- Test(failed)(failed) -->
