<?xml version="1.0" encoding="UTF-8"?>
<testng-results ignored="0" total="2" passed="2" failed="0" skipped="0">
  <reporter-output>
  </reporter-output>
  <suite started-at="2024-04-12T16:17:45 IST" name="Default suite" finished-at="2024-04-12T16:17:51 IST" duration-ms="6458">
    <groups>
    </groups>
    <test started-at="2024-04-12T16:17:45 IST" name="Default test" finished-at="2024-04-12T16:17:51 IST" duration-ms="6458">
      <class name="testcases.TC_01_Register">
        <test-method is-config="true" signature="setUp()[pri:0, instance:testcases.TC_01_Register@485966cc]" started-at="2024-04-12T16:17:45 IST" name="setUp" finished-at="2024-04-12T16:17:49 IST" duration-ms="4269" status="PASS">
          <reporter-output>
          </reporter-output>
        </test-method> <!-- setUp -->
        <test-method signature="register()[pri:1, instance:testcases.TC_01_Register@485966cc]" started-at="2024-04-12T16:17:49 IST" name="register" finished-at="2024-04-12T16:17:49 IST" duration-ms="647" status="PASS">
          <reporter-output>
          </reporter-output>
        </test-method> <!-- register -->
        <test-method signature="registerDataentry()[pri:2, instance:testcases.TC_01_Register@485966cc]" started-at="2024-04-12T16:17:49 IST" name="registerDataentry" finished-at="2024-04-12T16:17:51 IST" depends-on-methods="testcases.TC_01_Register.register" duration-ms="1497" status="PASS">
          <reporter-output>
          </reporter-output>
        </test-method> <!-- registerDataentry -->
      </class> <!-- testcases.TC_01_Register -->
    </test> <!-- Default test -->
  </suite> <!-- Default suite -->
</testng-results>
