<?xml version="1.0" encoding="UTF-8"?>
<testng-results ignored="0" total="4" passed="4" failed="0" skipped="0">
  <reporter-output>
  </reporter-output>
  <suite started-at="2024-04-25T16:30:54 IST" name="Failed suite [Failed suite [Suite]]" finished-at="2024-04-25T16:31:00 IST" duration-ms="6003">
    <groups>
      <group name="regression">
        <method signature="TC_02_Login.login()[pri:1, instance:testcases.TC_02_Login@6e9175d8]" name="login" class="testcases.TC_02_Login"/>
        <method signature="TC_02_Login.login_data_entry()[pri:2, instance:testcases.TC_02_Login@6e9175d8]" name="login_data_entry" class="testcases.TC_02_Login"/>
        <method signature="TC_02_Login.loggingout()[pri:3, instance:testcases.TC_02_Login@6e9175d8]" name="loggingout" class="testcases.TC_02_Login"/>
        <method signature="TC_02_Login.logoutToHome()[pri:4, instance:testcases.TC_02_Login@6e9175d8]" name="logoutToHome" class="testcases.TC_02_Login"/>
      </group> <!-- regression -->
    </groups>
    <test started-at="2024-04-25T16:30:54 IST" name="Test(failed)(failed)" finished-at="2024-04-25T16:31:00 IST" duration-ms="6003">
      <class name="testcases.TC_02_Login">
        <test-method is-config="true" signature="setUp(java.lang.String)[pri:0, instance:testcases.TC_02_Login@6e9175d8]" started-at="2024-04-25T16:30:54 IST" name="setUp" finished-at="2024-04-25T16:30:57 IST" duration-ms="3211" status="PASS">
          <params>
            <param index="0">
              <value>
                <![CDATA[chrome]]>
              </value>
            </param>
          </params>
          <reporter-output>
          </reporter-output>
        </test-method> <!-- setUp -->
        <test-method signature="login()[pri:1, instance:testcases.TC_02_Login@6e9175d8]" started-at="2024-04-25T16:30:57 IST" name="login" finished-at="2024-04-25T16:30:58 IST" duration-ms="600" status="PASS">
          <reporter-output>
          </reporter-output>
        </test-method> <!-- login -->
        <test-method signature="login_data_entry()[pri:2, instance:testcases.TC_02_Login@6e9175d8]" started-at="2024-04-25T16:30:58 IST" name="login_data_entry" finished-at="2024-04-25T16:30:58 IST" depends-on-methods="testcases.TC_02_Login.login" duration-ms="733" status="PASS">
          <reporter-output>
          </reporter-output>
        </test-method> <!-- login_data_entry -->
        <test-method signature="loggingout()[pri:3, instance:testcases.TC_02_Login@6e9175d8]" started-at="2024-04-25T16:30:58 IST" name="loggingout" finished-at="2024-04-25T16:31:00 IST" depends-on-methods="testcases.TC_02_Login.login_data_entry" duration-ms="1111" status="PASS">
          <reporter-output>
          </reporter-output>
        </test-method> <!-- loggingout -->
        <test-method signature="logoutToHome()[pri:4, instance:testcases.TC_02_Login@6e9175d8]" started-at="2024-04-25T16:31:00 IST" name="logoutToHome" finished-at="2024-04-25T16:31:00 IST" depends-on-methods="testcases.TC_02_Login.loggingout" duration-ms="11" status="PASS">
          <reporter-output>
          </reporter-output>
        </test-method> <!-- logoutToHome -->
      </class> <!-- testcases.TC_02_Login -->
    </test> <!-- Test(failed)(failed) -->
  </suite> <!-- Failed suite [Failed suite [Suite]] -->
</testng-results>
