<?xml version="1.0" encoding="UTF-8"?>
<!-- Generated by org.testng.reporters.JUnitXMLReporter -->
<testsuite ignored="0" hostname="igate-pc" failures="1" tests="12" name="Test" time="23.112" errors="0" timestamp="2024-04-25T16:24:10 IST">
  <testcase classname="testcases.TC_02_Login" name="login" time="0.636">
    <failure type="java.lang.AssertionError" message="null">
      <![CDATA[java.lang.AssertionError: null
at testcases.TC_02_Login.login(TC_02_Login.java:36)
at java.base/java.util.ArrayList.forEach(ArrayList.java:1511)
... Removed 29 stack frames]]>
    </failure>
  </testcase> <!-- login -->
  <testcase classname="testcases.TC_02_Login" name="login_data_entry" time="0.0">
    <skipped/>
  </testcase> <!-- login_data_entry -->
  <testcase classname="testcases.TC_02_Login" name="loggingout" time="0.0">
    <skipped/>
  </testcase> <!-- loggingout -->
  <testcase classname="testcases.TC_02_Login" name="logoutToHome" time="0.0">
    <skipped/>
  </testcase> <!-- logoutToHome -->
  <testcase classname="testcases.TC_01_Register" name="register" time="0.69"/>
  <testcase classname="testcases.TC_01_Register" name="registerDataentry" time="2.237"/>
  <testcase classname="testcases.TC_01_Register" name="loggingout" time="1.08"/>
  <testcase classname="testcases.TC_01_Register" name="logoutToHome" time="0.013"/>
  <testcase classname="testcases.TC_02_Login_DataDriven" name="login_data_entry" time="2.433"/>
  <testcase classname="testcases.TC_02_Login_DataDriven" name="login_data_entry" time="2.509"/>
  <testcase classname="testcases.TC_02_Login_DataDriven" name="login_data_entry" time="1.786"/>
  <testcase classname="testcases.TC_02_Login_DataDriven" name="login_data_entry" time="1.744"/>
</testsuite> <!-- Test -->
